wrote /home/ubuntu/projects/china-training-compute/docs/data.json: 109 models (58 from Epoch, 51 from team research), 28 orgs, 22 with ECI
[main aebb544] Update China compute data (2026-06-16)
 1 file changed, 1 insertion(+), 1 deletion(-)
To https://github.com/KonstantinPilz/china-training-compute.git
   c41e176..aebb544  main -> main
pushed update
wrote /home/ubuntu/projects/china-training-compute/docs/data.json: 109 models (58 from Epoch, 51 from team research), 28 orgs, 22 with ECI
[main 3648b10] Update China compute data (2026-06-17)
 2 files changed, 2 insertions(+), 2 deletions(-)
To https://github.com/KonstantinPilz/china-training-compute.git
   d50d355..3648b10  main -> main
pushed update
wrote /home/ubuntu/projects/china-training-compute/docs/data.json: 109 models (58 from Epoch, 51 from team research), 28 orgs, 22 with ECI
[main 1bffade] Update China compute data (2026-06-18)
 1 file changed, 1 insertion(+), 1 deletion(-)
To https://github.com/KonstantinPilz/china-training-compute.git
   95156c1..1bffade  main -> main
pushed update
wrote /home/ubuntu/projects/china-training-compute/docs/data.json: 109 models (58 from Epoch, 51 from team research), 28 orgs, 22 with ECI
[main 54dc1c0] Update China compute data (2026-06-19)
 1 file changed, 1 insertion(+), 1 deletion(-)
To https://github.com/KonstantinPilz/china-training-compute.git
   13eb201..54dc1c0  main -> main
pushed update
wrote /home/ubuntu/projects/china-training-compute/docs/data.json: 109 models (58 from Epoch, 51 from team research), 28 orgs, 22 with ECI
[main af4c3f1] Update China compute data (2026-06-20)
 2 files changed, 2 insertions(+), 2 deletions(-)
To https://github.com/KonstantinPilz/china-training-compute.git
   ed2f15e..af4c3f1  main -> main
pushed update
